<?xml version="1.0" encoding="UTF-8"?>
<!-- Generated by org.testng.reporters.JUnitReportReporter -->
<testsuite hostname="XARISX" failures="0" tests="1" name="testPackage.ActiTimeCreateProject_Customer" time="10.923" errors="0" timestamp="2023-10-02T18:35:08 IST" skipped="0">
  <testcase classname="testPackage.ActiTimeCreateProject_Customer" name="createValidCustomer_ProjectTestScript" time="10.923"/>
</testsuite> <!-- testPackage.ActiTimeCreateProject_Customer -->
