<?xml version="1.0" encoding="UTF-8"?>
<!-- Generated by org.testng.reporters.JUnitReportReporter -->
<testsuite hostname="XARISX" failures="0" tests="1" name="testPackage.ActiTimeCreateManager" time="8.747" errors="0" timestamp="2023-10-02T18:52:18 IST" skipped="0">
  <testcase classname="testPackage.ActiTimeCreateManager" name="createNewManagerTestScript" time="8.747"/>
</testsuite> <!-- testPackage.ActiTimeCreateManager -->
