<?xml version="1.0" encoding="UTF-8"?>
<!-- Generated by org.testng.reporters.JUnitReportReporter -->
<testsuite hostname="XARISX" failures="0" tests="1" name="testPackage.ActiTimeInvalidLoginTestCase" time="16.283" errors="0" timestamp="2023-10-02T18:34:48 IST" skipped="0">
  <testcase classname="testPackage.ActiTimeInvalidLoginTestCase" name="invalidLoginTestScript" time="16.283"/>
</testsuite> <!-- testPackage.ActiTimeInvalidLoginTestCase -->
