<?xml version="1.0" encoding="UTF-8"?>
<!-- Generated by org.testng.reporters.JUnitReportReporter -->
<testsuite hostname="XARISX" failures="0" tests="1" name="testPackage.ActiTimeValidLoginTestCase" time="5.977" errors="0" timestamp="2023-10-02T18:34:11 IST" skipped="0">
  <testcase classname="testPackage.ActiTimeValidLoginTestCase" name="validLoginTestScript" time="5.977"/>
</testsuite> <!-- testPackage.ActiTimeValidLoginTestCase -->
